# JRE version: OpenJDK Runtime Environment (8.0_202-b03) (build 1.8.0_202-release-1483-b03)
# Java VM: OpenJDK 64-Bit Server VM (25.202-b03 mixed mode windows-amd64 compressed oops)
Heap:
 PSYoungGen      total 95744K, used 4736K [0x00000000e0000000, 0x00000000e6e80000, 0x0000000100000000)
  eden space 84480K, 5% used [0x00000000e0000000,0x00000000e04a02e8,0x00000000e5280000)
  from space 11264K, 0% used [0x00000000e5f00000,0x00000000e5f00000,0x00000000e6a00000)
  to   space 12800K, 0% used [0x00000000e5280000,0x00000000e5280000,0x00000000e5f00000)
 ParOldGen       total 65024K, used 14797K [0x00000000a0000000, 0x00000000a3f80000, 0x00000000e0000000)
  object space 65024K, 22% used [0x00000000a0000000,0x00000000a0e737a0,0x00000000a3f80000)
 Metaspace       used 42630K, capacity 43613K, committed 44288K, reserved 1089536K
  class space    used 5761K, capacity 5986K, committed 6144K, reserved 1048576K
GC Heap History (10 events):
Event: 39.578 GC heap before
{Heap before GC invocations=13 (full 3):
 PSYoungGen      total 95744K, used 8620K [0x00000000e0000000, 0x00000000e6e80000, 0x0000000100000000)
  eden space 84480K, 0% used [0x00000000e0000000,0x00000000e0000000,0x00000000e5280000)
  from space 11264K, 76% used [0x00000000e5f00000,0x00000000e676b380,0x00000000e6a00000)
  to   space 12800K, 0% used [0x00000000e5280000,0x00000000e5280000,0x00000000e5f00000)
 ParOldGen       total 65024K, used 15200K [0x00000000a0000000, 0x00000000a3f80000, 0x00000000e0000000)
  object space 65024K, 23% used [0x00000000a0000000,0x00000000a0ed8368,0x00000000a3f80000)
 Metaspace       used 41810K, capacity 42980K, committed 43136K, reserved 1091584K
  class space    used 5664K, capacity 5951K, committed 6016K, reserved 1048576K
Event: 39.822 GC heap after
Heap after GC invocations=13 (full 3):
 PSYoungGen      total 95744K, used 0K [0x00000000e0000000, 0x00000000e6e80000, 0x0000000100000000)
  eden space 84480K, 0% used [0x00000000e0000000,0x00000000e0000000,0x00000000e5280000)
  from space 11264K, 0% used [0x00000000e5f00000,0x00000000e5f00000,0x00000000e6a00000)
  to   space 12800K, 0% used [0x00000000e5280000,0x00000000e5280000,0x00000000e5f00000)
 ParOldGen       total 65024K, used 22747K [0x00000000a0000000, 0x00000000a3f80000, 0x00000000e0000000)
  object space 65024K, 34% used [0x00000000a0000000,0x00000000a1636c38,0x00000000a3f80000)
 Metaspace       used 41806K, capacity 42968K, committed 43136K, reserved 1089536K
  class space    used 5663K, capacity 5949K, committed 6016K, reserved 1048576K
}
Event: 40.026 GC heap before
{Heap before GC invocations=14 (full 3):
 PSYoungGen      total 95744K, used 6114K [0x00000000e0000000, 0x00000000e6e80000, 0x0000000100000000)
  eden space 84480K, 7% used [0x00000000e0000000,0x00000000e05f8bd0,0x00000000e5280000)
  from space 11264K, 0% used [0x00000000e5f00000,0x00000000e5f00000,0x00000000e6a00000)
  to   space 12800K, 0% used [0x00000000e5280000,0x00000000e5280000,0x00000000e5f00000)
 ParOldGen       total 65024K, used 22747K [0x00000000a0000000, 0x00000000a3f80000, 0x00000000e0000000)
  object space 65024K, 34% used [0x00000000a0000000,0x00000000a1636c38,0x00000000a3f80000)
 Metaspace       used 42131K, capacity 43367K, committed 43648K, reserved 1089536K
  class space    used 5725K, capacity 6016K, committed 6016K, reserved 1048576K
Event: 40.031 GC heap after
Heap after GC invocations=14 (full 3):
 PSYoungGen      total 97280K, used 351K [0x00000000e0000000, 0x00000000e6e80000, 0x0000000100000000)
  eden space 84480K, 0% used [0x00000000e0000000,0x00000000e0000000,0x00000000e5280000)
  from space 12800K, 2% used [0x00000000e5280000,0x00000000e52d7d40,0x00000000e5f00000)
  to   space 11264K, 0% used [0x00000000e5f00000,0x00000000e5f00000,0x00000000e6a00000)
 ParOldGen       total 65024K, used 22747K [0x00000000a0000000, 0x00000000a3f80000, 0x00000000e0000000)
  object space 65024K, 34% used [0x00000000a0000000,0x00000000a1636c38,0x00000000a3f80000)
 Metaspace       used 42131K, capacity 43367K, committed 43648K, reserved 1089536K
  class space    used 5725K, capacity 6016K, committed 6016K, reserved 1048576K
}
Event: 40.031 GC heap before
{Heap before GC invocations=15 (full 4):
 PSYoungGen      total 97280K, used 351K [0x00000000e0000000, 0x00000000e6e80000, 0x0000000100000000)
  eden space 84480K, 0% used [0x00000000e0000000,0x00000000e0000000,0x00000000e5280000)
  from space 12800K, 2% used [0x00000000e5280000,0x00000000e52d7d40,0x00000000e5f00000)
  to   space 11264K, 0% used [0x00000000e5f00000,0x00000000e5f00000,0x00000000e6a00000)
 ParOldGen       total 65024K, used 22747K [0x00000000a0000000, 0x00000000a3f80000, 0x00000000e0000000)
  object space 65024K, 34% used [0x00000000a0000000,0x00000000a1636c38,0x00000000a3f80000)
 Metaspace       used 42131K, capacity 43367K, committed 43648K, reserved 1089536K
  class space    used 5725K, capacity 6016K, committed 6016K, reserved 1048576K
Event: 40.110 GC heap after
Heap after GC invocations=15 (full 4):
 PSYoungGen      total 97280K, used 0K [0x00000000e0000000, 0x00000000e6e80000, 0x0000000100000000)
  eden space 84480K, 0% used [0x00000000e0000000,0x00000000e0000000,0x00000000e5280000)
  from space 12800K, 0% used [0x00000000e5280000,0x00000000e5280000,0x00000000e5f00000)
  to   space 11264K, 0% used [0x00000000e5f00000,0x00000000e5f00000,0x00000000e6a00000)
 ParOldGen       total 65024K, used 18083K [0x00000000a0000000, 0x00000000a3f80000, 0x00000000e0000000)
  object space 65024K, 27% used [0x00000000a0000000,0x00000000a11a8c70,0x00000000a3f80000)
 Metaspace       used 42131K, capacity 43367K, committed 43648K, reserved 1089536K
  class space    used 5725K, capacity 6016K, committed 6016K, reserved 1048576K
}
Event: 40.110 GC heap before
{Heap before GC invocations=16 (full 4):
 PSYoungGen      total 97280K, used 0K [0x00000000e0000000, 0x00000000e6e80000, 0x0000000100000000)
  eden space 84480K, 0% used [0x00000000e0000000,0x00000000e0000000,0x00000000e5280000)
  from space 12800K, 0% used [0x00000000e5280000,0x00000000e5280000,0x00000000e5f00000)
  to   space 11264K, 0% used [0x00000000e5f00000,0x00000000e5f00000,0x00000000e6a00000)
 ParOldGen       total 65024K, used 18083K [0x00000000a0000000, 0x00000000a3f80000, 0x00000000e0000000)
  object space 65024K, 27% used [0x00000000a0000000,0x00000000a11a8c70,0x00000000a3f80000)
 Metaspace       used 42131K, capacity 43367K, committed 43648K, reserved 1089536K
  class space    used 5725K, capacity 6016K, committed 6016K, reserved 1048576K
Event: 40.113 GC heap after
Heap after GC invocations=16 (full 4):
 PSYoungGen      total 95744K, used 0K [0x00000000e0000000, 0x00000000e6e80000, 0x0000000100000000)
  eden space 84480K, 0% used [0x00000000e0000000,0x00000000e0000000,0x00000000e5280000)
  from space 11264K, 0% used [0x00000000e5f00000,0x00000000e5f00000,0x00000000e6a00000)
  to   space 12800K, 0% used [0x00000000e5280000,0x00000000e5280000,0x00000000e5f00000)
 ParOldGen       total 65024K, used 18083K [0x00000000a0000000, 0x00000000a3f80000, 0x00000000e0000000)
  object space 65024K, 27% used [0x00000000a0000000,0x00000000a11a8c70,0x00000000a3f80000)
 Metaspace       used 42131K, capacity 43367K, committed 43648K, reserved 1089536K
  class space    used 5725K, capacity 6016K, committed 6016K, reserved 1048576K
}
Event: 40.113 GC heap before
{Heap before GC invocations=17 (full 5):
 PSYoungGen      total 95744K, used 0K [0x00000000e0000000, 0x00000000e6e80000, 0x0000000100000000)
  eden space 84480K, 0% used [0x00000000e0000000,0x00000000e0000000,0x00000000e5280000)
  from space 11264K, 0% used [0x00000000e5f00000,0x00000000e5f00000,0x00000000e6a00000)
  to   space 12800K, 0% used [0x00000000e5280000,0x00000000e5280000,0x00000000e5f00000)
 ParOldGen       total 65024K, used 18083K [0x00000000a0000000, 0x00000000a3f80000, 0x00000000e0000000)
  object space 65024K, 27% used [0x00000000a0000000,0x00000000a11a8c70,0x00000000a3f80000)
 Metaspace       used 42131K, capacity 43367K, committed 43648K, reserved 1089536K
  class space    used 5725K, capacity 6016K, committed 6016K, reserved 1048576K
Event: 40.291 GC heap after
Heap after GC invocations=17 (full 5):
 PSYoungGen      total 95744K, used 0K [0x00000000e0000000, 0x00000000e6e80000, 0x0000000100000000)
  eden space 84480K, 0% used [0x00000000e0000000,0x00000000e0000000,0x00000000e5280000)
  from space 11264K, 0% used [0x00000000e5f00000,0x00000000e5f00000,0x00000000e6a00000)
  to   space 12800K, 0% used [0x00000000e5280000,0x00000000e5280000,0x00000000e5f00000)
 ParOldGen       total 65024K, used 14797K [0x00000000a0000000, 0x00000000a3f80000, 0x00000000e0000000)
  object space 65024K, 22% used [0x00000000a0000000,0x00000000a0e737a0,0x00000000a3f80000)
 Metaspace       used 41862K, capacity 42897K, committed 43648K, reserved 1089536K
  class space    used 5672K, capacity 5917K, committed 6016K, reserved 1048576K
}

